<?xml version="1.0" encoding="UTF-8"?>
<!-- Generated by org.testng.reporters.JUnitReportReporter -->
<testsuite hostname="computer" failures="0" tests="1" name="PackageDemo.Streams" time="0.020" errors="0" timestamp="2024-11-18T22:20:12 IST" skipped="0">
  <testcase classname="PackageDemo.Streams" name="collectmethod" time="0.020"/>
</testsuite> <!-- PackageDemo.Streams -->
